# JRE version: OpenJDK Runtime Environment (11.0.10) (build 11.0.10+0-b96-7281165)
# Java VM: OpenJDK 64-Bit Server VM (11.0.10+0-b96-7281165, mixed mode, tiered, compressed oops, g1 gc, bsd-amd64)
Heap:
 garbage-first heap   total 199680K, used 102275K [0x0000000780000000, 0x0000000800000000)
  region size 1024K, 26 young (26624K), 4 survivors (4096K)
 Metaspace       used 85073K, capacity 87212K, committed 87500K, reserved 1124352K
  class space    used 10918K, capacity 11703K, committed 11724K, reserved 1048576K
GC Heap History (20 events):
Event: 14.607 GC heap before
{Heap before GC invocations=19 (full 0):
 garbage-first heap   total 114688K, used 56207K [0x0000000780000000, 0x0000000800000000)
  region size 1024K, 11 young (11264K), 3 survivors (3072K)
 Metaspace       used 58596K, capacity 60074K, committed 60160K, reserved 1101824K
  class space    used 7397K, capacity 7913K, committed 7936K, reserved 1048576K
}
Event: 14.616 GC heap after
{Heap after GC invocations=20 (full 0):
 garbage-first heap   total 114688K, used 50127K [0x0000000780000000, 0x0000000800000000)
  region size 1024K, 4 young (4096K), 4 survivors (4096K)
 Metaspace       used 58596K, capacity 60074K, committed 60160K, reserved 1101824K
  class space    used 7397K, capacity 7913K, committed 7936K, reserved 1048576K
}
Event: 15.512 GC heap before
{Heap before GC invocations=21 (full 0):
 garbage-first heap   total 114688K, used 83919K [0x0000000780000000, 0x0000000800000000)
  region size 1024K, 38 young (38912K), 4 survivors (4096K)
 Metaspace       used 61482K, capacity 63005K, committed 63180K, reserved 1103872K
  class space    used 7744K, capacity 8264K, committed 8396K, reserved 1048576K
}
Event: 15.529 GC heap after
{Heap after GC invocations=22 (full 0):
 garbage-first heap   total 138240K, used 52761K [0x0000000780000000, 0x0000000800000000)
  region size 1024K, 5 young (5120K), 5 survivors (5120K)
 Metaspace       used 61482K, capacity 63005K, committed 63180K, reserved 1103872K
  class space    used 7744K, capacity 8264K, committed 8396K, reserved 1048576K
}
Event: 16.707 GC heap before
{Heap before GC invocations=23 (full 0):
 garbage-first heap   total 138240K, used 98841K [0x0000000780000000, 0x0000000800000000)
  region size 1024K, 50 young (51200K), 5 survivors (5120K)
 Metaspace       used 66083K, capacity 67545K, committed 67788K, reserved 1107968K
  class space    used 8322K, capacity 8873K, committed 8908K, reserved 1048576K
}
Event: 16.727 GC heap after
{Heap after GC invocations=24 (full 0):
 garbage-first heap   total 138240K, used 55843K [0x0000000780000000, 0x0000000800000000)
  region size 1024K, 7 young (7168K), 7 survivors (7168K)
 Metaspace       used 66083K, capacity 67545K, committed 67788K, reserved 1107968K
  class space    used 8322K, capacity 8873K, committed 8908K, reserved 1048576K
}
Event: 17.404 GC heap before
{Heap before GC invocations=24 (full 0):
 garbage-first heap   total 138240K, used 100899K [0x0000000780000000, 0x0000000800000000)
  region size 1024K, 51 young (52224K), 7 survivors (7168K)
 Metaspace       used 68170K, capacity 69748K, committed 69964K, reserved 1110016K
  class space    used 8586K, capacity 9179K, committed 9292K, reserved 1048576K
}
Event: 17.427 GC heap after
{Heap after GC invocations=25 (full 0):
 garbage-first heap   total 138240K, used 59986K [0x0000000780000000, 0x0000000800000000)
  region size 1024K, 7 young (7168K), 7 survivors (7168K)
 Metaspace       used 68170K, capacity 69748K, committed 69964K, reserved 1110016K
  class space    used 8586K, capacity 9179K, committed 9292K, reserved 1048576K
}
Event: 18.568 GC heap before
{Heap before GC invocations=25 (full 0):
 garbage-first heap   total 138240K, used 105042K [0x0000000780000000, 0x0000000800000000)
  region size 1024K, 51 young (52224K), 7 survivors (7168K)
 Metaspace       used 72227K, capacity 73893K, committed 74188K, reserved 1114112K
  class space    used 9253K, capacity 9850K, committed 9932K, reserved 1048576K
}
Event: 18.588 GC heap after
{Heap after GC invocations=26 (full 0):
 garbage-first heap   total 138240K, used 63370K [0x0000000780000000, 0x0000000800000000)
  region size 1024K, 4 young (4096K), 4 survivors (4096K)
 Metaspace       used 72227K, capacity 73893K, committed 74188K, reserved 1114112K
  class space    used 9253K, capacity 9850K, committed 9932K, reserved 1048576K
}
Event: 19.434 GC heap before
{Heap before GC invocations=26 (full 0):
 garbage-first heap   total 138240K, used 107402K [0x0000000780000000, 0x0000000800000000)
  region size 1024K, 47 young (48128K), 4 survivors (4096K)
 Metaspace       used 75555K, capacity 77267K, committed 77516K, reserved 1116160K
  class space    used 9761K, capacity 10378K, committed 10444K, reserved 1048576K
}
Event: 19.450 GC heap after
{Heap after GC invocations=27 (full 0):
 garbage-first heap   total 165888K, used 65534K [0x0000000780000000, 0x0000000800000000)
  region size 1024K, 6 young (6144K), 6 survivors (6144K)
 Metaspace       used 75555K, capacity 77267K, committed 77516K, reserved 1116160K
  class space    used 9761K, capacity 10378K, committed 10444K, reserved 1048576K
}
Event: 20.820 GC heap before
{Heap before GC invocations=27 (full 0):
 garbage-first heap   total 165888K, used 121854K [0x0000000780000000, 0x0000000800000000)
  region size 1024K, 61 young (62464K), 6 survivors (6144K)
 Metaspace       used 80636K, capacity 82446K, committed 82636K, reserved 1120256K
  class space    used 10419K, capacity 11076K, committed 11212K, reserved 1048576K
}
Event: 20.844 GC heap after
{Heap after GC invocations=28 (full 0):
 garbage-first heap   total 165888K, used 70021K [0x0000000780000000, 0x0000000800000000)
  region size 1024K, 8 young (8192K), 8 survivors (8192K)
 Metaspace       used 80636K, capacity 82446K, committed 82636K, reserved 1120256K
  class space    used 10419K, capacity 11076K, committed 11212K, reserved 1048576K
}
Event: 22.293 GC heap before
{Heap before GC invocations=28 (full 0):
 garbage-first heap   total 165888K, used 126341K [0x0000000780000000, 0x0000000800000000)
  region size 1024K, 64 young (65536K), 8 survivors (8192K)
 Metaspace       used 84602K, capacity 86629K, committed 86732K, reserved 1124352K
  class space    used 10904K, capacity 11654K, committed 11724K, reserved 1048576K
}
Event: 22.325 GC heap after
{Heap after GC invocations=29 (full 0):
 garbage-first heap   total 165888K, used 76419K [0x0000000780000000, 0x0000000800000000)
  region size 1024K, 7 young (7168K), 7 survivors (7168K)
 Metaspace       used 84602K, capacity 86629K, committed 86732K, reserved 1124352K
  class space    used 10904K, capacity 11654K, committed 11724K, reserved 1048576K
}
Event: 23.245 GC heap before
{Heap before GC invocations=29 (full 0):
 garbage-first heap   total 165888K, used 129667K [0x0000000780000000, 0x0000000800000000)
  region size 1024K, 60 young (61440K), 7 survivors (7168K)
 Metaspace       used 84909K, capacity 86960K, committed 87244K, reserved 1124352K
  class space    used 10907K, capacity 11689K, committed 11724K, reserved 1048576K
}
Event: 23.267 GC heap after
{Heap after GC invocations=30 (full 0):
 garbage-first heap   total 165888K, used 80154K [0x0000000780000000, 0x0000000800000000)
  region size 1024K, 4 young (4096K), 4 survivors (4096K)
 Metaspace       used 84909K, capacity 86960K, committed 87244K, reserved 1124352K
  class space    used 10907K, capacity 11689K, committed 11724K, reserved 1048576K
}
Event: 23.303 GC heap before
{Heap before GC invocations=30 (full 0):
 garbage-first heap   total 165888K, used 81178K [0x0000000780000000, 0x0000000800000000)
  region size 1024K, 6 young (6144K), 4 survivors (4096K)
 Metaspace       used 84938K, capacity 87049K, committed 87244K, reserved 1124352K
  class space    used 10912K, capacity 11697K, committed 11724K, reserved 1048576K
}
Event: 23.332 GC heap after
{Heap after GC invocations=31 (full 0):
 garbage-first heap   total 199680K, used 79747K [0x0000000780000000, 0x0000000800000000)
  region size 1024K, 4 young (4096K), 4 survivors (4096K)
 Metaspace       used 84938K, capacity 87049K, committed 87244K, reserved 1124352K
  class space    used 10912K, capacity 11697K, committed 11724K, reserved 1048576K
}

