# JRE version: OpenJDK Runtime Environment (11.0.10) (build 11.0.10+0-b96-7281165)
# Java VM: OpenJDK 64-Bit Server VM (11.0.10+0-b96-7281165, mixed mode, tiered, compressed oops, g1 gc, bsd-amd64)
Heap:
 garbage-first heap   total 78848K, used 53566K [0x0000000780000000, 0x0000000800000000)
  region size 1024K, 39 young (39936K), 5 survivors (5120K)
 Metaspace       used 31372K, capacity 32094K, committed 32384K, reserved 1077248K
  class space    used 4146K, capacity 4398K, committed 4480K, reserved 1048576K
GC Heap History (17 events):
Event: 0.764 GC heap before
{Heap before GC invocations=0 (full 0):
 garbage-first heap   total 65536K, used 19456K [0x0000000780000000, 0x0000000800000000)
  region size 1024K, 14 young (14336K), 0 survivors (0K)
 Metaspace       used 6631K, capacity 6873K, committed 7168K, reserved 1056768K
  class space    used 571K, capacity 650K, committed 768K, reserved 1048576K
}
Event: 0.772 GC heap after
{Heap after GC invocations=1 (full 0):
 garbage-first heap   total 65536K, used 8320K [0x0000000780000000, 0x0000000800000000)
  region size 1024K, 2 young (2048K), 2 survivors (2048K)
 Metaspace       used 6631K, capacity 6873K, committed 7168K, reserved 1056768K
  class space    used 571K, capacity 650K, committed 768K, reserved 1048576K
}
Event: 1.273 GC heap before
{Heap before GC invocations=1 (full 0):
 garbage-first heap   total 65536K, used 19584K [0x0000000780000000, 0x0000000800000000)
  region size 1024K, 13 young (13312K), 2 survivors (2048K)
 Metaspace       used 9654K, capacity 9938K, committed 10112K, reserved 1058816K
  class space    used 1007K, capacity 1102K, committed 1152K, reserved 1048576K
}
Event: 1.280 GC heap after
{Heap after GC invocations=2 (full 0):
 garbage-first heap   total 65536K, used 8877K [0x0000000780000000, 0x0000000800000000)
  region size 1024K, 1 young (1024K), 1 survivors (1024K)
 Metaspace       used 9654K, capacity 9938K, committed 10112K, reserved 1058816K
  class space    used 1007K, capacity 1102K, committed 1152K, reserved 1048576K
}
Event: 1.695 GC heap before
{Heap before GC invocations=2 (full 0):
 garbage-first heap   total 65536K, used 32429K [0x0000000780000000, 0x0000000800000000)
  region size 1024K, 24 young (24576K), 1 survivors (1024K)
 Metaspace       used 10582K, capacity 10827K, committed 11008K, reserved 1058816K
  class space    used 1109K, capacity 1206K, committed 1280K, reserved 1048576K
}
Event: 1.702 GC heap after
{Heap after GC invocations=3 (full 0):
 garbage-first heap   total 65536K, used 12424K [0x0000000780000000, 0x0000000800000000)
  region size 1024K, 3 young (3072K), 3 survivors (3072K)
 Metaspace       used 10582K, capacity 10827K, committed 11008K, reserved 1058816K
  class space    used 1109K, capacity 1206K, committed 1280K, reserved 1048576K
}
Event: 2.533 GC heap before
{Heap before GC invocations=3 (full 0):
 garbage-first heap   total 65536K, used 35976K [0x0000000780000000, 0x0000000800000000)
  region size 1024K, 27 young (27648K), 3 survivors (3072K)
 Metaspace       used 15080K, capacity 15429K, committed 15744K, reserved 1062912K
  class space    used 1725K, capacity 1825K, committed 1920K, reserved 1048576K
}
Event: 2.545 GC heap after
{Heap after GC invocations=4 (full 0):
 garbage-first heap   total 65536K, used 15799K [0x0000000780000000, 0x0000000800000000)
  region size 1024K, 4 young (4096K), 4 survivors (4096K)
 Metaspace       used 15080K, capacity 15429K, committed 15744K, reserved 1062912K
  class space    used 1725K, capacity 1825K, committed 1920K, reserved 1048576K
}
Event: 3.415 GC heap before
{Heap before GC invocations=4 (full 0):
 garbage-first heap   total 65536K, used 39351K [0x0000000780000000, 0x0000000800000000)
  region size 1024K, 27 young (27648K), 4 survivors (4096K)
 Metaspace       used 18658K, capacity 19025K, committed 19328K, reserved 1067008K
  class space    used 2260K, capacity 2393K, committed 2432K, reserved 1048576K
}
Event: 3.424 GC heap after
{Heap after GC invocations=5 (full 0):
 garbage-first heap   total 78848K, used 17264K [0x0000000780000000, 0x0000000800000000)
  region size 1024K, 2 young (2048K), 2 survivors (2048K)
 Metaspace       used 18658K, capacity 19025K, committed 19328K, reserved 1067008K
  class space    used 2260K, capacity 2393K, committed 2432K, reserved 1048576K
}
Event: 3.747 GC heap before
{Heap before GC invocations=5 (full 0):
 garbage-first heap   total 78848K, used 30576K [0x0000000780000000, 0x0000000800000000)
  region size 1024K, 16 young (16384K), 2 survivors (2048K)
 Metaspace       used 20578K, capacity 21079K, committed 21248K, reserved 1067008K
  class space    used 2526K, capacity 2722K, committed 2816K, reserved 1048576K
}
Event: 3.753 GC heap after
{Heap after GC invocations=6 (full 0):
 garbage-first heap   total 78848K, used 17653K [0x0000000780000000, 0x0000000800000000)
  region size 1024K, 2 young (2048K), 2 survivors (2048K)
 Metaspace       used 20578K, capacity 21079K, committed 21248K, reserved 1067008K
  class space    used 2526K, capacity 2722K, committed 2816K, reserved 1048576K
}
Event: 4.436 GC heap before
{Heap before GC invocations=7 (full 0):
 garbage-first heap   total 78848K, used 45301K [0x0000000780000000, 0x0000000800000000)
  region size 1024K, 30 young (30720K), 2 survivors (2048K)
 Metaspace       used 23353K, capacity 24010K, committed 24320K, reserved 1071104K
  class space    used 2991K, capacity 3212K, committed 3328K, reserved 1048576K
}
Event: 4.444 GC heap after
{Heap after GC invocations=8 (full 0):
 garbage-first heap   total 78848K, used 17430K [0x0000000780000000, 0x0000000800000000)
  region size 1024K, 3 young (3072K), 3 survivors (3072K)
 Metaspace       used 23353K, capacity 24010K, committed 24320K, reserved 1071104K
  class space    used 2991K, capacity 3212K, committed 3328K, reserved 1048576K
}
Event: 5.177 GC heap before
{Heap before GC invocations=8 (full 0):
 garbage-first heap   total 78848K, used 48150K [0x0000000780000000, 0x0000000800000000)
  region size 1024K, 34 young (34816K), 3 survivors (3072K)
 Metaspace       used 26388K, capacity 27080K, committed 27392K, reserved 1073152K
  class space    used 3492K, capacity 3749K, committed 3840K, reserved 1048576K
}
Event: 5.185 GC heap after
{Heap after GC invocations=9 (full 0):
 garbage-first heap   total 78848K, used 18750K [0x0000000780000000, 0x0000000800000000)
  region size 1024K, 4 young (4096K), 4 survivors (4096K)
 Metaspace       used 26388K, capacity 27080K, committed 27392K, reserved 1073152K
  class space    used 3492K, capacity 3749K, committed 3840K, reserved 1048576K
}
Event: 6.126 GC heap before
{Heap before GC invocations=9 (full 0):
 garbage-first heap   total 78848K, used 53566K [0x0000000780000000, 0x0000000800000000)
  region size 1024K, 38 young (38912K), 4 survivors (4096K)
 Metaspace       used 31372K, capacity 32094K, committed 32384K, reserved 1077248K
  class space    used 4146K, capacity 4398K, committed 4480K, reserved 1048576K
}

