# JRE version: OpenJDK Runtime Environment (11.0.10) (build 11.0.10+0-b96-7281165)
# Java VM: OpenJDK 64-Bit Server VM (11.0.10+0-b96-7281165, mixed mode, tiered, compressed oops, g1 gc, bsd-amd64)
Heap:
 garbage-first heap   total 114688K, used 78312K [0x0000000780000000, 0x0000000800000000)
  region size 1024K, 31 young (31744K), 2 survivors (2048K)
 Metaspace       used 57872K, capacity 59372K, committed 59648K, reserved 1101824K
  class space    used 7326K, capacity 7850K, committed 7936K, reserved 1048576K
GC Heap History (20 events):
Event: 4.112 GC heap before
{Heap before GC invocations=7 (full 0):
 garbage-first heap   total 78848K, used 43108K [0x0000000780000000, 0x0000000800000000)
  region size 1024K, 28 young (28672K), 2 survivors (2048K)
 Metaspace       used 23143K, capacity 23751K, committed 23936K, reserved 1071104K
  class space    used 2951K, capacity 3147K, committed 3200K, reserved 1048576K
}
Event: 4.118 GC heap after
{Heap after GC invocations=8 (full 0):
 garbage-first heap   total 78848K, used 17270K [0x0000000780000000, 0x0000000800000000)
  region size 1024K, 2 young (2048K), 2 survivors (2048K)
 Metaspace       used 23143K, capacity 23751K, committed 23936K, reserved 1071104K
  class space    used 2951K, capacity 3147K, committed 3200K, reserved 1048576K
}
Event: 4.745 GC heap before
{Heap before GC invocations=8 (full 0):
 garbage-first heap   total 78848K, used 45942K [0x0000000780000000, 0x0000000800000000)
  region size 1024K, 30 young (30720K), 2 survivors (2048K)
 Metaspace       used 25979K, capacity 26629K, committed 27008K, reserved 1073152K
  class space    used 3417K, capacity 3662K, committed 3712K, reserved 1048576K
}
Event: 4.755 GC heap after
{Heap after GC invocations=9 (full 0):
 garbage-first heap   total 78848K, used 18296K [0x0000000780000000, 0x0000000800000000)
  region size 1024K, 3 young (3072K), 3 survivors (3072K)
 Metaspace       used 25979K, capacity 26629K, committed 27008K, reserved 1073152K
  class space    used 3417K, capacity 3662K, committed 3712K, reserved 1048576K
}
Event: 5.447 GC heap before
{Heap before GC invocations=9 (full 0):
 garbage-first heap   total 78848K, used 47992K [0x0000000780000000, 0x0000000800000000)
  region size 1024K, 32 young (32768K), 3 survivors (3072K)
 Metaspace       used 28779K, capacity 29497K, committed 29824K, reserved 1075200K
  class space    used 3862K, capacity 4128K, committed 4224K, reserved 1048576K
}
Event: 5.459 GC heap after
{Heap after GC invocations=10 (full 0):
 garbage-first heap   total 95232K, used 19335K [0x0000000780000000, 0x0000000800000000)
  region size 1024K, 3 young (3072K), 3 survivors (3072K)
 Metaspace       used 28779K, capacity 29497K, committed 29824K, reserved 1075200K
  class space    used 3862K, capacity 4128K, committed 4224K, reserved 1048576K
}
Event: 6.482 GC heap before
{Heap before GC invocations=10 (full 0):
 garbage-first heap   total 95232K, used 41863K [0x0000000780000000, 0x0000000800000000)
  region size 1024K, 26 young (26624K), 3 survivors (3072K)
 Metaspace       used 34862K, capacity 35631K, committed 35840K, reserved 1081344K
  class space    used 4512K, capacity 4790K, committed 4864K, reserved 1048576K
}
Event: 6.495 GC heap after
{Heap after GC invocations=11 (full 0):
 garbage-first heap   total 95232K, used 21759K [0x0000000780000000, 0x0000000800000000)
  region size 1024K, 5 young (5120K), 5 survivors (5120K)
 Metaspace       used 34862K, capacity 35631K, committed 35840K, reserved 1081344K
  class space    used 4512K, capacity 4790K, committed 4864K, reserved 1048576K
}
Event: 7.239 GC heap before
{Heap before GC invocations=12 (full 0):
 garbage-first heap   total 95232K, used 54527K [0x0000000780000000, 0x0000000800000000)
  region size 1024K, 38 young (38912K), 5 survivors (5120K)
 Metaspace       used 36906K, capacity 37820K, committed 38144K, reserved 1083392K
  class space    used 4775K, capacity 5088K, committed 5120K, reserved 1048576K
}
Event: 7.258 GC heap after
{Heap after GC invocations=13 (full 0):
 garbage-first heap   total 95232K, used 25043K [0x0000000780000000, 0x0000000800000000)
  region size 1024K, 5 young (5120K), 5 survivors (5120K)
 Metaspace       used 36906K, capacity 37820K, committed 38144K, reserved 1083392K
  class space    used 4775K, capacity 5088K, committed 5120K, reserved 1048576K
}
Event: 8.159 GC heap before
{Heap before GC invocations=13 (full 0):
 garbage-first heap   total 95232K, used 61907K [0x0000000780000000, 0x0000000800000000)
  region size 1024K, 39 young (39936K), 5 survivors (5120K)
 Metaspace       used 39779K, capacity 40734K, committed 41088K, reserved 1085440K
  class space    used 5104K, capacity 5456K, committed 5504K, reserved 1048576K
}
Event: 8.177 GC heap after
{Heap after GC invocations=14 (full 0):
 garbage-first heap   total 95232K, used 27510K [0x0000000780000000, 0x0000000800000000)
  region size 1024K, 5 young (5120K), 5 survivors (5120K)
 Metaspace       used 39779K, capacity 40734K, committed 41088K, reserved 1085440K
  class space    used 5104K, capacity 5456K, committed 5504K, reserved 1048576K
}
Event: 9.056 GC heap before
{Heap before GC invocations=14 (full 0):
 garbage-first heap   total 95232K, used 63350K [0x0000000780000000, 0x0000000800000000)
  region size 1024K, 40 young (40960K), 5 survivors (5120K)
 Metaspace       used 43282K, capacity 44338K, committed 44672K, reserved 1087488K
  class space    used 5530K, capacity 5891K, committed 6016K, reserved 1048576K
}
Event: 9.070 GC heap after
{Heap after GC invocations=15 (full 0):
 garbage-first heap   total 114688K, used 28995K [0x0000000780000000, 0x0000000800000000)
  region size 1024K, 4 young (4096K), 4 survivors (4096K)
 Metaspace       used 43282K, capacity 44338K, committed 44672K, reserved 1087488K
  class space    used 5530K, capacity 5891K, committed 6016K, reserved 1048576K
}
Event: 10.270 GC heap before
{Heap before GC invocations=15 (full 0):
 garbage-first heap   total 114688K, used 70979K [0x0000000780000000, 0x0000000800000000)
  region size 1024K, 45 young (46080K), 4 survivors (4096K)
 Metaspace       used 46287K, capacity 47563K, committed 47872K, reserved 1091584K
  class space    used 5933K, capacity 6389K, committed 6400K, reserved 1048576K
}
Event: 10.283 GC heap after
{Heap after GC invocations=16 (full 0):
 garbage-first heap   total 114688K, used 30681K [0x0000000780000000, 0x0000000800000000)
  region size 1024K, 4 young (4096K), 4 survivors (4096K)
 Metaspace       used 46287K, capacity 47563K, committed 47872K, reserved 1091584K
  class space    used 5933K, capacity 6389K, committed 6400K, reserved 1048576K
}
Event: 11.672 GC heap before
{Heap before GC invocations=16 (full 0):
 garbage-first heap   total 114688K, used 83929K [0x0000000780000000, 0x0000000800000000)
  region size 1024K, 49 young (50176K), 4 survivors (4096K)
 Metaspace       used 48705K, capacity 50016K, committed 50304K, reserved 1093632K
  class space    used 6225K, capacity 6697K, committed 6784K, reserved 1048576K
}
Event: 11.688 GC heap after
{Heap after GC invocations=17 (full 0):
 garbage-first heap   total 114688K, used 47767K [0x0000000780000000, 0x0000000800000000)
  region size 1024K, 7 young (7168K), 7 survivors (7168K)
 Metaspace       used 48705K, capacity 50016K, committed 50304K, reserved 1093632K
  class space    used 6225K, capacity 6697K, committed 6784K, reserved 1048576K
}
Event: 12.934 GC heap before
{Heap before GC invocations=17 (full 0):
 garbage-first heap   total 114688K, used 85655K [0x0000000780000000, 0x0000000800000000)
  region size 1024K, 44 young (45056K), 7 survivors (7168K)
 Metaspace       used 54205K, capacity 55666K, committed 55808K, reserved 1097728K
  class space    used 6884K, capacity 7407K, committed 7424K, reserved 1048576K
}
Event: 12.944 GC heap after
{Heap after GC invocations=18 (full 0):
 garbage-first heap   total 114688K, used 49640K [0x0000000780000000, 0x0000000800000000)
  region size 1024K, 2 young (2048K), 2 survivors (2048K)
 Metaspace       used 54205K, capacity 55666K, committed 55808K, reserved 1097728K
  class space    used 6884K, capacity 7407K, committed 7424K, reserved 1048576K
}

