# JRE version: OpenJDK Runtime Environment (11.0.10) (build 11.0.10+0-b96-7281165)
# Java VM: OpenJDK 64-Bit Server VM (11.0.10+0-b96-7281165, mixed mode, tiered, compressed oops, g1 gc, bsd-amd64)
Heap:
 garbage-first heap   total 506880K, used 437323K [0x0000000780000000, 0x0000000800000000)
  region size 1024K, 266 young (272384K), 19 survivors (19456K)
 Metaspace       used 104821K, capacity 107494K, committed 107980K, reserved 1142784K
  class space    used 13414K, capacity 14435K, committed 14592K, reserved 1048576K
GC Heap History (20 events):
Event: 42.979 GC heap after
{Heap after GC invocations=49 (full 0):
 garbage-first heap   total 367616K, used 168727K [0x0000000780000000, 0x0000000800000000)
  region size 1024K, 7 young (7168K), 7 survivors (7168K)
 Metaspace       used 104189K, capacity 106868K, committed 107468K, reserved 1142784K
  class space    used 13402K, capacity 14419K, committed 14592K, reserved 1048576K
}
Event: 43.721 GC heap before
{Heap before GC invocations=49 (full 0):
 garbage-first heap   total 367616K, used 312087K [0x0000000780000000, 0x0000000800000000)
  region size 1024K, 147 young (150528K), 7 survivors (7168K)
 Metaspace       used 104286K, capacity 106963K, committed 107468K, reserved 1142784K
  class space    used 13406K, capacity 14426K, committed 14592K, reserved 1048576K
}
Event: 43.744 GC heap after
{Heap after GC invocations=50 (full 0):
 garbage-first heap   total 367616K, used 168769K [0x0000000780000000, 0x0000000800000000)
  region size 1024K, 7 young (7168K), 7 survivors (7168K)
 Metaspace       used 104286K, capacity 106963K, committed 107468K, reserved 1142784K
  class space    used 13406K, capacity 14426K, committed 14592K, reserved 1048576K
}
Event: 44.419 GC heap before
{Heap before GC invocations=50 (full 0):
 garbage-first heap   total 367616K, used 314177K [0x0000000780000000, 0x0000000800000000)
  region size 1024K, 149 young (152576K), 7 survivors (7168K)
 Metaspace       used 104374K, capacity 107044K, committed 107468K, reserved 1142784K
  class space    used 13408K, capacity 14430K, committed 14592K, reserved 1048576K
}
Event: 44.449 GC heap after
{Heap after GC invocations=51 (full 0):
 garbage-first heap   total 367616K, used 171285K [0x0000000780000000, 0x0000000800000000)
  region size 1024K, 10 young (10240K), 10 survivors (10240K)
 Metaspace       used 104374K, capacity 107044K, committed 107468K, reserved 1142784K
  class space    used 13408K, capacity 14430K, committed 14592K, reserved 1048576K
}
Event: 45.063 GC heap before
{Heap before GC invocations=51 (full 0):
 garbage-first heap   total 367616K, used 315669K [0x0000000780000000, 0x0000000800000000)
  region size 1024K, 151 young (154624K), 10 survivors (10240K)
 Metaspace       used 104417K, capacity 107110K, committed 107724K, reserved 1142784K
  class space    used 13411K, capacity 14430K, committed 14592K, reserved 1048576K
}
Event: 45.095 GC heap after
{Heap after GC invocations=52 (full 0):
 garbage-first heap   total 437248K, used 172392K [0x0000000780000000, 0x0000000800000000)
  region size 1024K, 11 young (11264K), 11 survivors (11264K)
 Metaspace       used 104417K, capacity 107110K, committed 107724K, reserved 1142784K
  class space    used 13411K, capacity 14430K, committed 14592K, reserved 1048576K
}
Event: 46.176 GC heap before
{Heap before GC invocations=52 (full 0):
 garbage-first heap   total 437248K, used 354664K [0x0000000780000000, 0x0000000800000000)
  region size 1024K, 189 young (193536K), 11 survivors (11264K)
 Metaspace       used 104460K, capacity 107175K, committed 107724K, reserved 1142784K
  class space    used 13411K, capacity 14430K, committed 14592K, reserved 1048576K
}
Event: 46.214 GC heap after
{Heap after GC invocations=53 (full 0):
 garbage-first heap   total 437248K, used 174971K [0x0000000780000000, 0x0000000800000000)
  region size 1024K, 13 young (13312K), 13 survivors (13312K)
 Metaspace       used 104460K, capacity 107175K, committed 107724K, reserved 1142784K
  class space    used 13411K, capacity 14430K, committed 14592K, reserved 1048576K
}
Event: 47.146 GC heap before
{Heap before GC invocations=53 (full 0):
 garbage-first heap   total 437248K, used 372603K [0x0000000780000000, 0x0000000800000000)
  region size 1024K, 206 young (210944K), 13 survivors (13312K)
 Metaspace       used 104477K, capacity 107175K, committed 107724K, reserved 1142784K
  class space    used 13411K, capacity 14430K, committed 14592K, reserved 1048576K
}
Event: 47.186 GC heap after
{Heap after GC invocations=54 (full 0):
 garbage-first heap   total 437248K, used 177620K [0x0000000780000000, 0x0000000800000000)
  region size 1024K, 16 young (16384K), 16 survivors (16384K)
 Metaspace       used 104477K, capacity 107175K, committed 107724K, reserved 1142784K
  class space    used 13411K, capacity 14430K, committed 14592K, reserved 1048576K
}
Event: 48.091 GC heap before
{Heap before GC invocations=54 (full 0):
 garbage-first heap   total 437248K, used 374228K [0x0000000780000000, 0x0000000800000000)
  region size 1024K, 208 young (212992K), 16 survivors (16384K)
 Metaspace       used 104486K, capacity 107175K, committed 107724K, reserved 1142784K
  class space    used 13411K, capacity 14430K, committed 14592K, reserved 1048576K
}
Event: 48.142 GC heap after
{Heap after GC invocations=55 (full 0):
 garbage-first heap   total 437248K, used 178919K [0x0000000780000000, 0x0000000800000000)
  region size 1024K, 15 young (15360K), 15 survivors (15360K)
 Metaspace       used 104486K, capacity 107175K, committed 107724K, reserved 1142784K
  class space    used 13411K, capacity 14430K, committed 14592K, reserved 1048576K
}
Event: 49.010 GC heap before
{Heap before GC invocations=55 (full 0):
 garbage-first heap   total 437248K, used 376551K [0x0000000780000000, 0x0000000800000000)
  region size 1024K, 208 young (212992K), 15 survivors (15360K)
 Metaspace       used 104500K, capacity 107177K, committed 107724K, reserved 1142784K
  class space    used 13411K, capacity 14430K, committed 14592K, reserved 1048576K
}
Event: 49.066 GC heap after
{Heap after GC invocations=56 (full 0):
 garbage-first heap   total 506880K, used 182482K [0x0000000780000000, 0x0000000800000000)
  region size 1024K, 17 young (17408K), 17 survivors (17408K)
 Metaspace       used 104500K, capacity 107177K, committed 107724K, reserved 1142784K
  class space    used 13411K, capacity 14430K, committed 14592K, reserved 1048576K
}
Event: 50.357 GC heap before
{Heap before GC invocations=56 (full 0):
 garbage-first heap   total 506880K, used 406738K [0x0000000780000000, 0x0000000800000000)
  region size 1024K, 236 young (241664K), 17 survivors (17408K)
 Metaspace       used 104709K, capacity 107404K, committed 107980K, reserved 1142784K
  class space    used 13412K, capacity 14431K, committed 14592K, reserved 1048576K
}
Event: 50.411 GC heap after
{Heap after GC invocations=57 (full 0):
 garbage-first heap   total 506880K, used 184395K [0x0000000780000000, 0x0000000800000000)
  region size 1024K, 17 young (17408K), 17 survivors (17408K)
 Metaspace       used 104709K, capacity 107404K, committed 107980K, reserved 1142784K
  class space    used 13412K, capacity 14431K, committed 14592K, reserved 1048576K
}
Event: 51.650 GC heap before
{Heap before GC invocations=57 (full 0):
 garbage-first heap   total 506880K, used 437323K [0x0000000780000000, 0x0000000800000000)
  region size 1024K, 263 young (269312K), 17 survivors (17408K)
 Metaspace       used 104816K, capacity 107494K, committed 107980K, reserved 1142784K
  class space    used 13414K, capacity 14435K, committed 14592K, reserved 1048576K
}
Event: 51.700 GC heap after
{Heap after GC invocations=58 (full 0):
 garbage-first heap   total 506880K, used 184395K [0x0000000780000000, 0x0000000800000000)
  region size 1024K, 17 young (17408K), 17 survivors (17408K)
 Metaspace       used 104816K, capacity 107494K, committed 107980K, reserved 1142784K
  class space    used 13414K, capacity 14435K, committed 14592K, reserved 1048576K
}
Event: 52.880 GC heap before
{Heap before GC invocations=58 (full 0):
 garbage-first heap   total 506880K, used 437323K [0x0000000780000000, 0x0000000800000000)
  region size 1024K, 264 young (270336K), 17 survivors (17408K)
 Metaspace       used 104821K, capacity 107494K, committed 107980K, reserved 1142784K
  class space    used 13414K, capacity 14435K, committed 14592K, reserved 1048576K
}

