# JRE version: OpenJDK Runtime Environment (11.0.10) (build 11.0.10+0-b96-7281165)
# Java VM: OpenJDK 64-Bit Server VM (11.0.10+0-b96-7281165, mixed mode, tiered, compressed oops, g1 gc, bsd-amd64)
Heap:
 garbage-first heap   total 118784K, used 40833K [0x0000000780000000, 0x0000000800000000)
  region size 1024K, 19 young (19456K), 7 survivors (7168K)
 Metaspace       used 46420K, capacity 47637K, committed 47872K, reserved 1091584K
  class space    used 5954K, capacity 6391K, committed 6400K, reserved 1048576K
GC Heap History (20 events):
Event: 2.981 GC heap before
{Heap before GC invocations=4 (full 0):
 garbage-first heap   total 65536K, used 38704K [0x0000000780000000, 0x0000000800000000)
  region size 1024K, 29 young (29696K), 4 survivors (4096K)
 Metaspace       used 18245K, capacity 18699K, committed 19072K, reserved 1067008K
  class space    used 2191K, capacity 2327K, committed 2432K, reserved 1048576K
}
Event: 2.989 GC heap after
{Heap after GC invocations=5 (full 0):
 garbage-first heap   total 78848K, used 16035K [0x0000000780000000, 0x0000000800000000)
  region size 1024K, 2 young (2048K), 2 survivors (2048K)
 Metaspace       used 18245K, capacity 18699K, committed 19072K, reserved 1067008K
  class space    used 2191K, capacity 2327K, committed 2432K, reserved 1048576K
}
Event: 3.394 GC heap before
{Heap before GC invocations=5 (full 0):
 garbage-first heap   total 78848K, used 33443K [0x0000000780000000, 0x0000000800000000)
  region size 1024K, 21 young (21504K), 2 survivors (2048K)
 Metaspace       used 20562K, capacity 21079K, committed 21248K, reserved 1067008K
  class space    used 2526K, capacity 2722K, committed 2816K, reserved 1048576K
}
Event: 3.405 GC heap after
{Heap after GC invocations=6 (full 0):
 garbage-first heap   total 78848K, used 16588K [0x0000000780000000, 0x0000000800000000)
  region size 1024K, 3 young (3072K), 3 survivors (3072K)
 Metaspace       used 20562K, capacity 21079K, committed 21248K, reserved 1067008K
  class space    used 2526K, capacity 2722K, committed 2816K, reserved 1048576K
}
Event: 4.011 GC heap before
{Heap before GC invocations=7 (full 0):
 garbage-first heap   total 78848K, used 46284K [0x0000000780000000, 0x0000000800000000)
  region size 1024K, 32 young (32768K), 3 survivors (3072K)
 Metaspace       used 23490K, capacity 24074K, committed 24320K, reserved 1071104K
  class space    used 3011K, capacity 3212K, committed 3328K, reserved 1048576K
}
Event: 4.022 GC heap after
{Heap after GC invocations=8 (full 0):
 garbage-first heap   total 78848K, used 17589K [0x0000000780000000, 0x0000000800000000)
  region size 1024K, 2 young (2048K), 2 survivors (2048K)
 Metaspace       used 23490K, capacity 24074K, committed 24320K, reserved 1071104K
  class space    used 3011K, capacity 3212K, committed 3328K, reserved 1048576K
}
Event: 4.735 GC heap before
{Heap before GC invocations=8 (full 0):
 garbage-first heap   total 78848K, used 53429K [0x0000000780000000, 0x0000000800000000)
  region size 1024K, 37 young (37888K), 2 survivors (2048K)
 Metaspace       used 27062K, capacity 27729K, committed 27904K, reserved 1073152K
  class space    used 3593K, capacity 3816K, committed 3840K, reserved 1048576K
}
Event: 4.742 GC heap after
{Heap after GC invocations=9 (full 0):
 garbage-first heap   total 78848K, used 18956K [0x0000000780000000, 0x0000000800000000)
  region size 1024K, 3 young (3072K), 3 survivors (3072K)
 Metaspace       used 27062K, capacity 27729K, committed 27904K, reserved 1073152K
  class space    used 3593K, capacity 3816K, committed 3840K, reserved 1048576K
}
Event: 5.849 GC heap before
{Heap before GC invocations=9 (full 0):
 garbage-first heap   total 78848K, used 54796K [0x0000000780000000, 0x0000000800000000)
  region size 1024K, 38 young (38912K), 3 survivors (3072K)
 Metaspace       used 33902K, capacity 34714K, committed 34944K, reserved 1079296K
  class space    used 4417K, capacity 4719K, committed 4736K, reserved 1048576K
}
Event: 5.867 GC heap after
{Heap after GC invocations=10 (full 0):
 garbage-first heap   total 95232K, used 21584K [0x0000000780000000, 0x0000000800000000)
  region size 1024K, 5 young (5120K), 5 survivors (5120K)
 Metaspace       used 33902K, capacity 34714K, committed 34944K, reserved 1079296K
  class space    used 4417K, capacity 4719K, committed 4736K, reserved 1048576K
}
Event: 6.013 GC heap before
{Heap before GC invocations=10 (full 0):
 garbage-first heap   total 95232K, used 24656K [0x0000000780000000, 0x0000000800000000)
  region size 1024K, 10 young (10240K), 5 survivors (5120K)
 Metaspace       used 34940K, capacity 35638K, committed 35840K, reserved 1081344K
  class space    used 4530K, capacity 4792K, committed 4864K, reserved 1048576K
}
Event: 6.032 GC heap after
{Heap after GC invocations=11 (full 0):
 garbage-first heap   total 95232K, used 22333K [0x0000000780000000, 0x0000000800000000)
  region size 1024K, 4 young (4096K), 4 survivors (4096K)
 Metaspace       used 34940K, capacity 35638K, committed 35840K, reserved 1081344K
  class space    used 4530K, capacity 4792K, committed 4864K, reserved 1048576K
}
Event: 6.570 GC heap before
{Heap before GC invocations=12 (full 0):
 garbage-first heap   total 95232K, used 53053K [0x0000000780000000, 0x0000000800000000)
  region size 1024K, 34 young (34816K), 4 survivors (4096K)
 Metaspace       used 36709K, capacity 37613K, committed 37888K, reserved 1081344K
  class space    used 4760K, capacity 5083K, committed 5120K, reserved 1048576K
}
Event: 6.585 GC heap after
{Heap after GC invocations=13 (full 0):
 garbage-first heap   total 95232K, used 25159K [0x0000000780000000, 0x0000000800000000)
  region size 1024K, 4 young (4096K), 4 survivors (4096K)
 Metaspace       used 36709K, capacity 37613K, committed 37888K, reserved 1081344K
  class space    used 4760K, capacity 5083K, committed 5120K, reserved 1048576K
}
Event: 7.208 GC heap before
{Heap before GC invocations=13 (full 0):
 garbage-first heap   total 95232K, used 59975K [0x0000000780000000, 0x0000000800000000)
  region size 1024K, 35 young (35840K), 4 survivors (4096K)
 Metaspace       used 39168K, capacity 40134K, committed 40192K, reserved 1083392K
  class space    used 5014K, capacity 5347K, committed 5376K, reserved 1048576K
}
Event: 7.225 GC heap after
{Heap after GC invocations=14 (full 0):
 garbage-first heap   total 95232K, used 26548K [0x0000000780000000, 0x0000000800000000)
  region size 1024K, 3 young (3072K), 3 survivors (3072K)
 Metaspace       used 39168K, capacity 40134K, committed 40192K, reserved 1083392K
  class space    used 5014K, capacity 5347K, committed 5376K, reserved 1048576K
}
Event: 7.886 GC heap before
{Heap before GC invocations=14 (full 0):
 garbage-first heap   total 95232K, used 60340K [0x0000000780000000, 0x0000000800000000)
  region size 1024K, 36 young (36864K), 3 survivors (3072K)
 Metaspace       used 42613K, capacity 43627K, committed 44032K, reserved 1087488K
  class space    used 5446K, capacity 5780K, committed 5888K, reserved 1048576K
}
Event: 7.895 GC heap after
{Heap after GC invocations=15 (full 0):
 garbage-first heap   total 118784K, used 27553K [0x0000000780000000, 0x0000000800000000)
  region size 1024K, 4 young (4096K), 4 survivors (4096K)
 Metaspace       used 42613K, capacity 43627K, committed 44032K, reserved 1087488K
  class space    used 5446K, capacity 5780K, committed 5888K, reserved 1048576K
}
Event: 9.046 GC heap before
{Heap before GC invocations=15 (full 0):
 garbage-first heap   total 118784K, used 75681K [0x0000000780000000, 0x0000000800000000)
  region size 1024K, 51 young (52224K), 4 survivors (4096K)
 Metaspace       used 45985K, capacity 47255K, committed 47360K, reserved 1089536K
  class space    used 5899K, capacity 6329K, committed 6400K, reserved 1048576K
}
Event: 9.063 GC heap after
{Heap after GC invocations=16 (full 0):
 garbage-first heap   total 118784K, used 30593K [0x0000000780000000, 0x0000000800000000)
  region size 1024K, 7 young (7168K), 7 survivors (7168K)
 Metaspace       used 45985K, capacity 47255K, committed 47360K, reserved 1089536K
  class space    used 5899K, capacity 6329K, committed 6400K, reserved 1048576K
}

