# JRE version: OpenJDK Runtime Environment (11.0.10) (build 11.0.10+0-b96-7281165)
# Java VM: OpenJDK 64-Bit Server VM (11.0.10+0-b96-7281165, mixed mode, tiered, compressed oops, g1 gc, bsd-amd64)
Heap:
 garbage-first heap   total 114688K, used 49485K [0x0000000780000000, 0x0000000800000000)
  region size 1024K, 24 young (24576K), 4 survivors (4096K)
 Metaspace       used 46284K, capacity 47538K, committed 47872K, reserved 1091584K
  class space    used 5934K, capacity 6381K, committed 6400K, reserved 1048576K
GC Heap History (20 events):
Event: 2.654 GC heap before
{Heap before GC invocations=3 (full 0):
 garbage-first heap   total 65536K, used 36239K [0x0000000780000000, 0x0000000800000000)
  region size 1024K, 27 young (27648K), 3 survivors (3072K)
 Metaspace       used 15455K, capacity 15829K, committed 16000K, reserved 1062912K
  class space    used 1766K, capacity 1893K, committed 1920K, reserved 1048576K
}
Event: 2.666 GC heap after
{Heap after GC invocations=4 (full 0):
 garbage-first heap   total 65536K, used 15473K [0x0000000780000000, 0x0000000800000000)
  region size 1024K, 4 young (4096K), 4 survivors (4096K)
 Metaspace       used 15455K, capacity 15829K, committed 16000K, reserved 1062912K
  class space    used 1766K, capacity 1893K, committed 1920K, reserved 1048576K
}
Event: 3.330 GC heap before
{Heap before GC invocations=4 (full 0):
 garbage-first heap   total 65536K, used 40049K [0x0000000780000000, 0x0000000800000000)
  region size 1024K, 28 young (28672K), 4 survivors (4096K)
 Metaspace       used 18742K, capacity 19185K, committed 19328K, reserved 1067008K
  class space    used 2272K, capacity 2425K, committed 2432K, reserved 1048576K
}
Event: 3.340 GC heap after
{Heap after GC invocations=5 (full 0):
 garbage-first heap   total 78848K, used 16534K [0x0000000780000000, 0x0000000800000000)
  region size 1024K, 2 young (2048K), 2 survivors (2048K)
 Metaspace       used 18742K, capacity 19185K, committed 19328K, reserved 1067008K
  class space    used 2272K, capacity 2425K, committed 2432K, reserved 1048576K
}
Event: 3.654 GC heap before
{Heap before GC invocations=5 (full 0):
 garbage-first heap   total 78848K, used 28822K [0x0000000780000000, 0x0000000800000000)
  region size 1024K, 15 young (15360K), 2 survivors (2048K)
 Metaspace       used 20675K, capacity 21143K, committed 21248K, reserved 1067008K
  class space    used 2546K, capacity 2722K, committed 2816K, reserved 1048576K
}
Event: 3.660 GC heap after
{Heap after GC invocations=6 (full 0):
 garbage-first heap   total 78848K, used 16842K [0x0000000780000000, 0x0000000800000000)
  region size 1024K, 2 young (2048K), 2 survivors (2048K)
 Metaspace       used 20675K, capacity 21143K, committed 21248K, reserved 1067008K
  class space    used 2546K, capacity 2722K, committed 2816K, reserved 1048576K
}
Event: 4.253 GC heap before
{Heap before GC invocations=7 (full 0):
 garbage-first heap   total 78848K, used 46538K [0x0000000780000000, 0x0000000800000000)
  region size 1024K, 31 young (31744K), 2 survivors (2048K)
 Metaspace       used 23486K, capacity 24074K, committed 24320K, reserved 1071104K
  class space    used 3007K, capacity 3212K, committed 3328K, reserved 1048576K
}
Event: 4.261 GC heap after
{Heap after GC invocations=8 (full 0):
 garbage-first heap   total 78848K, used 17622K [0x0000000780000000, 0x0000000800000000)
  region size 1024K, 3 young (3072K), 3 survivors (3072K)
 Metaspace       used 23486K, capacity 24074K, committed 24320K, reserved 1071104K
  class space    used 3007K, capacity 3212K, committed 3328K, reserved 1048576K
}
Event: 5.083 GC heap before
{Heap before GC invocations=8 (full 0):
 garbage-first heap   total 78848K, used 50390K [0x0000000780000000, 0x0000000800000000)
  region size 1024K, 36 young (36864K), 3 survivors (3072K)
 Metaspace       used 26619K, capacity 27211K, committed 27392K, reserved 1073152K
  class space    used 3510K, capacity 3750K, committed 3840K, reserved 1048576K
}
Event: 5.091 GC heap after
{Heap after GC invocations=9 (full 0):
 garbage-first heap   total 78848K, used 18923K [0x0000000780000000, 0x0000000800000000)
  region size 1024K, 4 young (4096K), 4 survivors (4096K)
 Metaspace       used 26619K, capacity 27211K, committed 27392K, reserved 1073152K
  class space    used 3510K, capacity 3750K, committed 3840K, reserved 1048576K
}
Event: 6.344 GC heap before
{Heap before GC invocations=9 (full 0):
 garbage-first heap   total 78848K, used 56811K [0x0000000780000000, 0x0000000800000000)
  region size 1024K, 41 young (41984K), 4 survivors (4096K)
 Metaspace       used 33674K, capacity 34437K, committed 34688K, reserved 1079296K
  class space    used 4377K, capacity 4669K, committed 4736K, reserved 1048576K
}
Event: 6.360 GC heap after
{Heap after GC invocations=10 (full 0):
 garbage-first heap   total 95232K, used 21962K [0x0000000780000000, 0x0000000800000000)
  region size 1024K, 6 young (6144K), 6 survivors (6144K)
 Metaspace       used 33674K, capacity 34437K, committed 34688K, reserved 1079296K
  class space    used 4377K, capacity 4669K, committed 4736K, reserved 1048576K
}
Event: 6.571 GC heap before
{Heap before GC invocations=10 (full 0):
 garbage-first heap   total 95232K, used 27082K [0x0000000780000000, 0x0000000800000000)
  region size 1024K, 12 young (12288K), 6 survivors (6144K)
 Metaspace       used 34856K, capacity 35631K, committed 35840K, reserved 1081344K
  class space    used 4514K, capacity 4790K, committed 4864K, reserved 1048576K
}
Event: 6.588 GC heap after
{Heap after GC invocations=11 (full 0):
 garbage-first heap   total 95232K, used 22128K [0x0000000780000000, 0x0000000800000000)
  region size 1024K, 4 young (4096K), 4 survivors (4096K)
 Metaspace       used 34856K, capacity 35631K, committed 35840K, reserved 1081344K
  class space    used 4514K, capacity 4790K, committed 4864K, reserved 1048576K
}
Event: 7.564 GC heap before
{Heap before GC invocations=12 (full 0):
 garbage-first heap   total 95232K, used 66160K [0x0000000780000000, 0x0000000800000000)
  region size 1024K, 45 young (46080K), 4 survivors (4096K)
 Metaspace       used 37950K, capacity 38893K, committed 39296K, reserved 1083392K
  class space    used 4848K, capacity 5168K, committed 5248K, reserved 1048576K
}
Event: 7.582 GC heap after
{Heap after GC invocations=13 (full 0):
 garbage-first heap   total 95232K, used 26067K [0x0000000780000000, 0x0000000800000000)
  region size 1024K, 6 young (6144K), 6 survivors (6144K)
 Metaspace       used 37950K, capacity 38893K, committed 39296K, reserved 1083392K
  class space    used 4848K, capacity 5168K, committed 5248K, reserved 1048576K
}
Event: 8.475 GC heap before
{Heap before GC invocations=13 (full 0):
 garbage-first heap   total 95232K, used 69075K [0x0000000780000000, 0x0000000800000000)
  region size 1024K, 48 young (49152K), 6 survivors (6144K)
 Metaspace       used 41239K, capacity 42183K, committed 42368K, reserved 1085440K
  class space    used 5322K, capacity 5662K, committed 5760K, reserved 1048576K
}
Event: 8.494 GC heap after
{Heap after GC invocations=14 (full 0):
 garbage-first heap   total 95232K, used 27932K [0x0000000780000000, 0x0000000800000000)
  region size 1024K, 5 young (5120K), 5 survivors (5120K)
 Metaspace       used 41239K, capacity 42183K, committed 42368K, reserved 1085440K
  class space    used 5322K, capacity 5662K, committed 5760K, reserved 1048576K
}
Event: 9.357 GC heap before
{Heap before GC invocations=14 (full 0):
 garbage-first heap   total 95232K, used 69916K [0x0000000780000000, 0x0000000800000000)
  region size 1024K, 46 young (47104K), 5 survivors (5120K)
 Metaspace       used 44990K, capacity 46111K, committed 46464K, reserved 1089536K
  class space    used 5782K, capacity 6184K, committed 6272K, reserved 1048576K
}
Event: 9.376 GC heap after
{Heap after GC invocations=15 (full 0):
 garbage-first heap   total 114688K, used 30029K [0x0000000780000000, 0x0000000800000000)
  region size 1024K, 4 young (4096K), 4 survivors (4096K)
 Metaspace       used 44990K, capacity 46111K, committed 46464K, reserved 1089536K
  class space    used 5782K, capacity 6184K, committed 6272K, reserved 1048576K
}

